7.12826E-015
6.96952E-015
4.10470E-015
4.83203E-015
3.26899E-015
5.28403E-015
3.69020E-015
3.04614E-015
4.81611E-015
6.34012E-015
3.84786E-015
8.63854E-015
4.69179E-015
5.04261E-015
3.55914E-015
3.57729E-015
5.09726E-015
3.52102E-015
4.03635E-015
2.99140E-015
7.73857E-015
3.83168E-015
4.47259E-015
3.24609E-015
3.16178E-015
8.45168E-015
5.23971E-015
3.31019E-015
3.34200E-015
8.64717E-015
4.73076E-015
4.17620E-015
4.74406E-015
7.87426E-015
5.56405E-015
5.94664E-015
5.47801E-015
3.32733E-015
4.26252E-015
3.48739E-015
3.84137E-015
2.99475E-015
5.43258E-015
4.09111E-015
5.79664E-015
3.72435E-015
3.39007E-015
5.44638E-015
6.09760E-015
3.37065E-015
3.01799E-015
2.99794E-015
3.04569E-015
3.37816E-015
7.99393E-015
3.87298E-015
2.99173E-015
3.10737E-015
3.22073E-015
3.40439E-015
6.68594E-015
3.83500E-015
7.11320E-015
3.13525E-015
4.06823E-015
3.54718E-015
8.09299E-015
3.19995E-015
3.91617E-015
4.08199E-015
5.25363E-015
6.34491E-015
3.07368E-015
8.19188E-015
3.08248E-015
1.13169E-014
3.55348E-015
6.59972E-015
3.01206E-015
1.38243E-014
4.18587E-015
3.95470E-015
5.81591E-015
3.30630E-015
4.69634E-015
5.35780E-015
4.02970E-015
6.08733E-015
3.52761E-015
1.38111E-014
3.49662E-015
9.98412E-015
4.80302E-015
5.01804E-015
5.97101E-015
5.45380E-015
4.96456E-015
3.17723E-015
4.26081E-015
3.01480E-015
3.39280E-015
3.81577E-015
6.38806E-015
4.81162E-015
4.37818E-015
4.84606E-015
4.74579E-015
3.10222E-015
3.25920E-015
1.19787E-014
4.79802E-015
3.89610E-015
1.22312E-014
1.49358E-014
7.56261E-015
3.29898E-015
3.14792E-015
4.35380E-015
5.69827E-015
3.95972E-015
3.29863E-015
3.95176E-015
3.99332E-015
7.91427E-015
5.77984E-015
9.56524E-015
3.56182E-015
3.10938E-015
3.66599E-015
4.73679E-015
5.74151E-015
4.67486E-015
4.58995E-015
4.31841E-015
1.32272E-014
2.98598E-015
4.39805E-015
4.29419E-015
1.29335E-014
3.44645E-015
6.16428E-015
4.04706E-015
1.12692E-014
3.93402E-015
4.18360E-015
3.38476E-015
4.30200E-015
4.57932E-015
6.40539E-015
3.01288E-015
4.31487E-015
7.07789E-015
3.01326E-015
3.34685E-015
6.01158E-015
3.89568E-015
7.08283E-015
3.22047E-015
5.02426E-015
4.27748E-015
5.49565E-015
9.73259E-015
4.41498E-015
5.52290E-015
3.57408E-015
1.12008E-014
5.17046E-015
5.62420E-015
7.52791E-015
1.28074E-014
6.22134E-015
5.82885E-015
1.06982E-014
3.66329E-015
4.11588E-015
8.41552E-015
3.08527E-015
3.80753E-015
4.03703E-015
5.47199E-015
3.39243E-015
3.31709E-015
5.98836E-015
7.41402E-015
3.14694E-015
3.71102E-015
3.12258E-015
5.61080E-015
2.97201E-015
5.56457E-015
3.32917E-015
4.07374E-015
7.82960E-015
4.56749E-015
4.46768E-015
3.38719E-015
6.06006E-015
4.28468E-015
3.75185E-015
5.26718E-015
3.54767E-015
4.80821E-015
3.19574E-015
5.53086E-015
3.09363E-015
3.85101E-015
4.59266E-015
3.10962E-015
8.80857E-015
7.77795E-015
3.28834E-015
6.79905E-015
4.24390E-015
4.21970E-015
5.18979E-015
5.10435E-015
4.94231E-015
7.99808E-015
2.97673E-015
8.09085E-015
7.14696E-015
5.22101E-015
4.75082E-015
6.92863E-015
1.02731E-014
8.13475E-015
3.18195E-015
6.25199E-015
6.20599E-015
3.89379E-015
8.02867E-015
3.43130E-015
4.28655E-015
9.38980E-015
1.36410E-014
3.18025E-015
9.35804E-015
1.04203E-014
2.97588E-015
4.45553E-015
3.05656E-015
3.43473E-015
1.01659E-014
1.29834E-014
3.18838E-015
2.99194E-015
5.03089E-015
5.74066E-015
6.21959E-015
1.30615E-014
6.54667E-015
6.96384E-015
3.73007E-015
5.13873E-015
5.20138E-015
7.64005E-015
1.35273E-014
4.29298E-015
3.85980E-015
7.50521E-015
4.87779E-015
4.68776E-015
3.53080E-015
3.14029E-015
3.31402E-015
5.45927E-015
1.52128E-014
7.03526E-015
6.33167E-015
1.17904E-014
6.29312E-015
3.18396E-015
4.65479E-015
3.06009E-015
5.56902E-015
3.19390E-015
3.26489E-015
4.46634E-015
3.63053E-015
1.03585E-014
5.77322E-015
8.87861E-015
4.05319E-015
3.54618E-015
3.01063E-015
8.43877E-015
4.15432E-015
3.20705E-015
3.01332E-015
2.99475E-015
3.15887E-015
6.65184E-015
2.98974E-015
4.53292E-015
6.10392E-015
3.62746E-015
1.51845E-014
5.34246E-015
4.39663E-015
4.26767E-015
3.82345E-015
1.16036E-014
1.62147E-014
3.16569E-015
4.13664E-015
3.02956E-015
3.14005E-015
1.30753E-014
3.08347E-015
3.61386E-015
4.46589E-015
4.49056E-015
4.98413E-015
1.37720E-014
5.19394E-015
7.11370E-015
8.24790E-015
3.43557E-015
3.55124E-015
4.58201E-015
3.09521E-015
3.40074E-015
7.19765E-015
6.47598E-015
3.42447E-015
3.92619E-015
6.59440E-015
3.40246E-015
4.66206E-015
6.29456E-015
4.92202E-015
4.91689E-015
8.90859E-015
3.07011E-015
3.13004E-015
3.11599E-015
5.64662E-015
1.16455E-014
4.45982E-015
3.28281E-015
6.78095E-015
3.41895E-015
3.82345E-015
2.99356E-015
4.65561E-015
5.31838E-015
8.29121E-015
9.41633E-015
3.77134E-015
3.08778E-015
4.87500E-015
3.85775E-015
3.12884E-015
8.97812E-015
6.68424E-015
7.17295E-015
9.00910E-015
7.09027E-015
3.07680E-015
4.65264E-015
4.20054E-015
1.16566E-014
3.12126E-015
4.62013E-015
3.11271E-015
1.14042E-014
5.18108E-015
1.22048E-014
3.57797E-015
5.82561E-015
3.11230E-015
3.16271E-015
6.59849E-015
6.59685E-015
3.15517E-015
3.63220E-015
5.03291E-015
4.20971E-015
3.61995E-015
7.27263E-015
3.72164E-015
4.04025E-015
3.25913E-015
3.39125E-015
2.99892E-015
3.02523E-015
1.15993E-014
6.76515E-015
3.44607E-015
3.18649E-015
4.17695E-015
3.96005E-015
3.52354E-015
3.75605E-015
4.18675E-015
4.47946E-015
3.02196E-015
1.34680E-014
4.31474E-015
3.06134E-015
3.16079E-015
3.58961E-015
4.82297E-015
3.14945E-015
9.20498E-015
3.12733E-015
3.48723E-015
4.98000E-015
7.49018E-015
3.00044E-015
6.18866E-015
5.52752E-015
3.40895E-015
8.74725E-015
7.81920E-015
1.77265E-014
6.36044E-015
4.96145E-015
2.98947E-015
3.99376E-015
6.87099E-015
3.25586E-015
3.14199E-015
3.25206E-015
4.25318E-015
3.08301E-015
1.19812E-014
4.69331E-015
3.87370E-015
3.01485E-015
5.36944E-015
1.03690E-014
3.08988E-015
5.81269E-015
4.82840E-015
3.55648E-015
4.52569E-015
6.54186E-015
4.45376E-015
4.56105E-015
3.47405E-015
3.04197E-015
7.83809E-015
4.14988E-015
7.62245E-015
5.59246E-015
8.40357E-015
3.04107E-015
3.43229E-015
6.22379E-015
3.76440E-015
3.38705E-015
5.99819E-015
3.93338E-015
3.64526E-015
4.59793E-015
4.92984E-015
3.96224E-015
4.68306E-015
4.68389E-015
3.37167E-015
4.81521E-015
4.12580E-015
4.92392E-015
3.02673E-015
3.36267E-015
3.75720E-015
4.89442E-015
4.25830E-015
3.27054E-015
7.86501E-015
2.97301E-015
6.54346E-015
3.77666E-015
9.71423E-015
9.82602E-015
4.67170E-015
4.92335E-015
4.86944E-015
1.16677E-014
3.43099E-015
5.52572E-015
3.09686E-015
4.79980E-015
4.77586E-015
9.28269E-015
5.12939E-015
5.63093E-015
3.18459E-015
5.73330E-015
9.36459E-015
3.50342E-015
3.06472E-015
6.16189E-015
3.62948E-015
3.77579E-015
7.25144E-015
1.18254E-014
7.01156E-015
8.82593E-015
3.03402E-015
3.07403E-015
4.11154E-015
3.54668E-015
4.06390E-015
7.35525E-015
1.33717E-014
6.50299E-015
3.21698E-015
2.98984E-015
4.77621E-015
6.09860E-015
4.79980E-015
5.64526E-015
3.02895E-015
6.56436E-015
3.83379E-015
3.87930E-015
7.85579E-015
3.04400E-015
4.08530E-015
4.13933E-015
4.04463E-015
3.38484E-015
1.15408E-014
3.39866E-015
9.71911E-015
6.97427E-015
3.53637E-015
3.90504E-015
5.80130E-015
7.36019E-015
1.31627E-014
1.09586E-014
5.08025E-015
1.05555E-014
3.12829E-015
4.44626E-015
6.44811E-015
4.37945E-015
6.95629E-015
8.75350E-015
5.21968E-015
5.75916E-015
3.13676E-015
3.37152E-015
6.59195E-015
8.66622E-015
4.82026E-015
3.02180E-015
1.25252E-014
3.81537E-015
1.17353E-014
3.27379E-015
3.34856E-015
7.42919E-015
4.01638E-015
3.45650E-015
3.51001E-015
2.98078E-015
3.14737E-015
8.64803E-015
4.17971E-015
9.26467E-015
4.55589E-015
8.47359E-015
3.01546E-015
1.50877E-014
5.19634E-015
4.26516E-015
6.52076E-015
4.09336E-015
3.75567E-015
7.37562E-015
7.20853E-015
4.50174E-015
4.34519E-015
5.38691E-015
4.94462E-015
7.40060E-015
3.42310E-015
5.84187E-015
3.31919E-015
6.39295E-015
3.11057E-015
4.26384E-015
3.04715E-015
4.06367E-015
3.86741E-015
5.57926E-015
4.00881E-015
3.52500E-015
3.08930E-015
3.03547E-015
3.30022E-015
4.28415E-015
4.01911E-015
4.41513E-015
4.15642E-015
5.68884E-015
1.13209E-014
8.96370E-015
3.34492E-015
6.29456E-015
8.76246E-015
1.76010E-014
3.85459E-015
3.37816E-015
4.46100E-015
5.66352E-015
4.29728E-015
3.92619E-015
5.59988E-015
8.65149E-015
8.65581E-015
6.22029E-015
3.17617E-015
3.25080E-015
4.53987E-015
3.09592E-015
3.53859E-015
3.07178E-015
6.27193E-015
3.50856E-015
8.25168E-015
4.12447E-015
5.65015E-015
5.93238E-015
6.49905E-015
3.06988E-015
1.02514E-014
5.90995E-015
7.58699E-015
3.12252E-015
8.68627E-015
4.45672E-015
3.27758E-015
3.24418E-015
5.96129E-015
3.12546E-015
7.68114E-015
1.27790E-014
3.22080E-015
3.28629E-015
9.52706E-015
4.79909E-015
6.45698E-015
3.21407E-015
3.85775E-015
1.43146E-014
9.91057E-015
5.79780E-015
1.38419E-014
3.89306E-015
8.16831E-015
2.99221E-015
3.40596E-015
7.39114E-015
5.09726E-015
5.64363E-015
3.56567E-015
3.81298E-015
6.07087E-015
3.05485E-015
3.17799E-015
3.90652E-015
4.54592E-015
4.73352E-015
3.48882E-015
5.04139E-015
4.95021E-015
8.16611E-015
3.27900E-015
3.53588E-015
1.29171E-014
4.97315E-015
3.55839E-015
4.01888E-015
5.52418E-015
3.04113E-015
3.22730E-015
9.74119E-015
3.41451E-015
3.29939E-015
8.86188E-015
3.68966E-015
4.60787E-015
9.08098E-015
5.69161E-015
3.05122E-015
3.48675E-015
3.55731E-015
2.97386E-015
7.37507E-015
3.76305E-015
1.49942E-014
4.37409E-015
3.57746E-015
4.16510E-015
5.16162E-015
6.27694E-015
3.92266E-015
8.63596E-015
5.00886E-015
3.07380E-015
4.07256E-015
3.31339E-015
3.04930E-015
4.81557E-015
4.99043E-015
5.68995E-015
1.64008E-014
5.21040E-015
1.30273E-014
3.14114E-015
3.07028E-015
7.59956E-015
3.18119E-015
6.64683E-015
5.25994E-015
1.25252E-014
1.27633E-014
4.61965E-015
3.29622E-015
4.58312E-015
4.46486E-015
4.03635E-015
3.46116E-015
6.14896E-015
3.71818E-015
5.71278E-015
3.59089E-015
6.48261E-015
1.38331E-014
5.77207E-015
5.56405E-015
3.26301E-015
4.10410E-015
4.81216E-015
4.93520E-015
3.32515E-015
1.61319E-014
3.23155E-015
7.45127E-015
3.20052E-015
3.50326E-015
1.37164E-014
7.93922E-015
3.22444E-015
4.93271E-015
7.35251E-015
3.64651E-015
4.87222E-015
5.14875E-015
3.57856E-015
1.09965E-014
1.05035E-014
2.99778E-015
8.61624E-015
6.66357E-015
4.66239E-015
3.34192E-015
3.12540E-015
8.95509E-015
7.28382E-015
4.59489E-015
3.99690E-015
7.18836E-015
2.97201E-015
3.76536E-015
6.78315E-015
3.59773E-015
7.18116E-015
1.21786E-014
4.35658E-015
6.32984E-015
6.03053E-015
1.06196E-014
3.02639E-015
9.64542E-015
4.47021E-015
3.45077E-015
3.22757E-015
3.51793E-015
3.20084E-015
3.22470E-015
8.06950E-015
3.05100E-015
5.79315E-015
4.52047E-015
8.53282E-015
3.02169E-015
4.84149E-015
4.92889E-015
3.12072E-015
6.18211E-015
9.86417E-015
6.81283E-015
4.55433E-015
3.15160E-015
3.24994E-015
3.60815E-015
3.21220E-015
9.34825E-015
6.51601E-015
4.56105E-015
4.50933E-015
3.65060E-015
5.27673E-015
3.83329E-015
3.14970E-015
3.96421E-015
3.52354E-015
2.99329E-015
3.79805E-015
3.52443E-015
3.09703E-015
5.27696E-015
4.35575E-015
5.62178E-015
7.51450E-015
7.97603E-015
6.24031E-015
5.21946E-015
4.28428E-015
4.06565E-015
9.48366E-015
9.55478E-015
4.59394E-015
3.11862E-015
8.23962E-015
9.34825E-015
3.12138E-015
4.47184E-015
4.81144E-015
3.32522E-015
6.24951E-015
3.64988E-015
3.35236E-015
3.72510E-015
1.40287E-014
8.50635E-015
6.20390E-015
3.66078E-015
3.06306E-015
4.75989E-015
3.88345E-015
3.95198E-015
9.74859E-015
4.34616E-015
3.03620E-015
2.98818E-015
6.52195E-015
4.03336E-015
3.09298E-015
5.61027E-015
7.33558E-015
4.85321E-015
4.55495E-015
3.77443E-015
5.05950E-015
3.62729E-015
4.06975E-015
3.05083E-015
3.60065E-015
3.87930E-015
9.45993E-015
4.84003E-015
1.07281E-014
4.16001E-015
5.26991E-015
3.08295E-015
7.07542E-015
2.98990E-015
3.66680E-015
4.37564E-015
3.11946E-015
3.22613E-015
3.69158E-015
3.16414E-015
3.26261E-015
3.03051E-015
3.14572E-015
9.69113E-015
4.14386E-015
3.31521E-015
4.90439E-015
4.71757E-015
3.44438E-015
3.21652E-015
4.85597E-015
6.74945E-015
4.77638E-015
1.14022E-014
3.97323E-015
4.81593E-015
3.36861E-015
3.58739E-015
4.85376E-015
4.45273E-015
2.07296E-014
6.36379E-015
3.69772E-015
3.09621E-015
3.41797E-015
3.65872E-015
6.37982E-015
5.50987E-015
1.55295E-014
4.33526E-015
4.35324E-015
3.26866E-015
3.29059E-015
6.12029E-015
1.46838E-014
3.45324E-015
3.45348E-015
5.75460E-015
3.83621E-015
1.86976E-014
3.37079E-015
3.28950E-015
4.18952E-015
9.11000E-015
3.61430E-015
3.32375E-015
3.46560E-015
1.40523E-014
3.43115E-015
6.25341E-015
6.52950E-015
3.30762E-015
3.04456E-015
5.13873E-015
6.73775E-015
3.52142E-015
3.37867E-015
4.13517E-015
8.20374E-015
3.96959E-015
8.94935E-015
3.07218E-015
4.18902E-015
5.34152E-015
3.82005E-015
3.39933E-015
6.28304E-015
4.64885E-015
1.48162E-014
3.40626E-015
4.77586E-015
3.09821E-015
3.51931E-015
9.15457E-015
3.45510E-015
3.24649E-015
3.17805E-015
5.22611E-015
4.78363E-015
3.03452E-015
6.03408E-015
4.07680E-015
3.93101E-015
4.89912E-015
5.34011E-015
3.01123E-015
9.61807E-015
8.20969E-015
6.33057E-015
3.36426E-015
3.12204E-015
3.04304E-015
3.96125E-015
7.07937E-015
1.19204E-014
3.15597E-015
3.15529E-015
3.11569E-015
3.31381E-015
3.88013E-015
3.06518E-015
4.11745E-015
5.55232E-015
3.38410E-015
8.35154E-015
5.53266E-015
5.86423E-015
6.88379E-015
7.72913E-015
5.35543E-015
3.66572E-015
8.05042E-015
3.15474E-015
2.97408E-015
3.03134E-015
5.66106E-015
9.77958E-015
4.35756E-015
6.11059E-015
4.49705E-015
8.25168E-015
4.00870E-015
4.65858E-015
7.30365E-015
4.52001E-015
3.87577E-015
1.95101E-014
3.54461E-015
5.78475E-015
3.19053E-015
5.61000E-015
2.98603E-015
3.41090E-015
6.27873E-015
3.81547E-015
3.29691E-015
4.49780E-015
8.74190E-015
4.22872E-015
3.07975E-015
7.02072E-015
3.18851E-015
4.42062E-015
1.21371E-014
4.97373E-015
3.58441E-015
3.05986E-015
3.42204E-015
3.84046E-015
3.42204E-015
4.56482E-015
3.24788E-015
4.23909E-015
3.06455E-015
3.36745E-015
7.74868E-015
7.10969E-015
8.88515E-015
6.26016E-015
3.67882E-015
4.40607E-015
3.31144E-015
4.51375E-015
5.00767E-015
6.00647E-015
3.22730E-015
4.19268E-015
3.09598E-015
4.92278E-015
3.04416E-015
5.77552E-015
8.72501E-015
6.12398E-015
4.26899E-015
4.35561E-015
3.26630E-015
4.68457E-015
3.28984E-015
4.33636E-015
5.93795E-015
1.24167E-014
1.03038E-014
6.62771E-015
2.98769E-015
4.11890E-015
3.28642E-015
4.93942E-015
3.02395E-015
3.54024E-015
3.33150E-015
5.36540E-015
5.97636E-015
6.06890E-015
3.35581E-015
4.83112E-015
3.38837E-015
3.82065E-015
3.16687E-015
3.14988E-015
3.85305E-015
4.36189E-015
5.74975E-015
4.08743E-015
3.28465E-015
8.20003E-015
7.17346E-015
6.68848E-015
4.81180E-015
3.38992E-015
5.16981E-015
3.23502E-015
5.38091E-015
3.42189E-015
2.98581E-015
3.39073E-015
6.18005E-015
5.32443E-015
8.21267E-015
3.19313E-015
3.19142E-015
3.68628E-015
4.78080E-015
3.81100E-015
3.85816E-015
5.31814E-015
3.40738E-015
4.39164E-015
5.04322E-015
3.57569E-015
7.06803E-015
4.80713E-015
7.84725E-015
4.70328E-015
4.88208E-015
3.67591E-015
4.53338E-015
8.70382E-015
7.22885E-015
3.26422E-015
6.47715E-015
6.25305E-015
6.77523E-015
4.26357E-015
3.64713E-015
3.04034E-015
3.85010E-015
5.75602E-015
3.77909E-015
1.22338E-014
4.10602E-015
6.46317E-015
5.85795E-015
8.97138E-015
3.08831E-015
5.49413E-015
3.95699E-015
4.21252E-015
3.85469E-015
5.10875E-015
4.68272E-015
3.29464E-015
3.00103E-015
4.19217E-015
5.57374E-015
3.21853E-015
4.26569E-015
6.22344E-015
4.60819E-015
1.21397E-014
6.12163E-015
4.51711E-015
4.81683E-015
4.03062E-015
7.10620E-015
5.83979E-015
6.09362E-015
7.41795E-015
4.61399E-015
4.18185E-015
3.15499E-015
3.31639E-015
3.30526E-015
3.80318E-015
3.64464E-015
4.07786E-015
3.36368E-015
5.86663E-015
3.78006E-015
3.72744E-015
8.42512E-015
3.04214E-015
4.68239E-015
3.28465E-015
3.02196E-015
4.26344E-015
3.77909E-015
4.28188E-015
3.44307E-015
8.70646E-015
4.76024E-015
5.88834E-015
4.10926E-015
3.19682E-015
3.38616E-015
3.75586E-015
1.30718E-014
6.81150E-015
1.14415E-014
4.34644E-015
5.50757E-015
6.79640E-015
5.40452E-015
3.05923E-015
4.33539E-015
3.72641E-015
3.25246E-015
6.22484E-015
3.19822E-015
6.40502E-015
3.12024E-015
3.95721E-015
3.12769E-015
4.46486E-015
2.97445E-015
8.06808E-015
6.49984E-015
4.95350E-015
5.24778E-015
8.25017E-015
6.99046E-015
4.73956E-015
7.29720E-015
3.55456E-015
3.79020E-015
3.69708E-015
3.31339E-015
5.21946E-015
5.13830E-015
3.86185E-015
6.08238E-015
3.78016E-015
4.34423E-015
3.73487E-015
3.09111E-015
3.76661E-015
9.62163E-015
9.07302E-015
3.94081E-015
3.42970E-015
4.82731E-015
3.76738E-015
7.02798E-015
6.54787E-015
3.89013E-015
4.78186E-015
3.17217E-015
3.88262E-015
6.63476E-015
3.05553E-015
6.53667E-015
4.64590E-015
3.65318E-015
3.79069E-015
3.89662E-015
3.29994E-015
4.47318E-015
6.15916E-015
3.88429E-015
4.12447E-015
3.51834E-015
6.65393E-015
6.12230E-015
3.38764E-015
3.62834E-015
7.52499E-015
5.08128E-015
6.29384E-015
3.10251E-015
2.99632E-015
3.02108E-015
5.06032E-015
1.01885E-014
3.28902E-015
3.17893E-015
4.71143E-015
3.57248E-015
4.14129E-015
1.05587E-014
3.42887E-015
3.31388E-015
3.38948E-015
3.52655E-015
5.70356E-015
7.60376E-015
4.40836E-015
3.20397E-015
4.17971E-015
4.86518E-015
3.52688E-015
3.05332E-015
6.61162E-015
3.93564E-015
3.27102E-015
4.19749E-015
3.79373E-015
1.71845E-014
3.84654E-015
3.05134E-015
1.75610E-014
5.16981E-015
3.61083E-015
8.17418E-015
3.47665E-015
3.16135E-015
3.33723E-015
7.82309E-015
6.73342E-015
3.88116E-015
3.09252E-015
4.06308E-015
4.03085E-015
5.12178E-015
5.73359E-015
1.02760E-014
4.37100E-015
5.66215E-015
3.06180E-015
6.85327E-015
5.20160E-015
6.70167E-015
8.78227E-015
6.15066E-015
5.82915E-015
5.58347E-015
3.53268E-015
3.41255E-015
4.52477E-015
3.16749E-015
3.22190E-015
3.79933E-015
5.61401E-015
4.05679E-015
3.14187E-015
4.93962E-015
6.88424E-015
4.95757E-015
4.74752E-015
3.67610E-015
4.33939E-015
3.88023E-015
3.16811E-015
3.66797E-015
4.16299E-015
4.25292E-015
4.00577E-015
3.02113E-015
3.10045E-015
3.38881E-015
5.60680E-015
3.01074E-015
5.71138E-015
1.08735E-014
1.08613E-014
3.99309E-015
3.47539E-015
8.85262E-015
5.15603E-015
3.34828E-015
1.20911E-014
5.77063E-015
4.89217E-015
9.63469E-015
4.27482E-015
3.69084E-015
4.37931E-015
5.93919E-015
4.55964E-015
4.77568E-015
5.84751E-015
3.06380E-015
5.17544E-015
3.08644E-015
1.05746E-014
3.35653E-015
3.56886E-015
4.82604E-015
3.88096E-015
3.11069E-015
4.48245E-015
6.68339E-015
8.32664E-015
3.39844E-015
3.13543E-015
4.26542E-015
9.11302E-015
3.57442E-015
3.69286E-015
7.63944E-015
4.50751E-015
3.96893E-015
3.77559E-015
4.44861E-015
4.13237E-015
4.29218E-015
9.99210E-015
3.63987E-015
3.68984E-015
4.96242E-015
3.18037E-015
5.88955E-015
3.46147E-015
2.99097E-015
3.37123E-015
3.70602E-015
5.54324E-015
4.44377E-015
3.65773E-015
4.20601E-015
8.53781E-015
1.26587E-014
9.91447E-015
2.97370E-015
6.32838E-015
5.18129E-015
5.65342E-015
3.91181E-015
4.33581E-015
1.14290E-014
8.66970E-015
4.25476E-015
8.62566E-015
5.83683E-015
6.99955E-015
6.73127E-015
4.69786E-015
3.14108E-015
5.00608E-015
4.15878E-015
3.06420E-015
4.12023E-015
5.40428E-015
3.82646E-015
1.00499E-014
4.22446E-015
3.12974E-015
3.21291E-015
3.27893E-015
4.72510E-015
4.09610E-015
3.33341E-015
4.18788E-015
1.14042E-014
3.74566E-015
4.16535E-015
3.43809E-015
4.13872E-015
9.72768E-015
3.58969E-015
5.12073E-015
3.97820E-015
8.29121E-015
6.64725E-015
4.01220E-015
7.70409E-015
2.98036E-015
4.09586E-015
3.10541E-015
3.28349E-015
3.07063E-015
1.04849E-014
1.05067E-014
3.56190E-015
7.35196E-015
3.89967E-015
7.94872E-015
3.03502E-015
3.37992E-015
4.60852E-015
8.54114E-015
4.29890E-015
3.00850E-015
4.03245E-015
6.81462E-015
4.96417E-015
6.08800E-015
7.91830E-015
7.62184E-015
4.82622E-015
4.99596E-015
3.84380E-015
4.30376E-015
8.84708E-015
3.26906E-015
9.51444E-015
4.31215E-015
3.81258E-015
2.98319E-015
8.88702E-015
3.65068E-015
4.10183E-015
6.08370E-015
3.04422E-015
1.05906E-014
1.46141E-014
5.55935E-015
3.60556E-015
3.62222E-015
5.49059E-015
3.97731E-015
6.14591E-015
3.25646E-015
3.45952E-015
8.56709E-015
4.13200E-015
7.98084E-015
7.61520E-015
3.24662E-015
3.06249E-015
1.13735E-014
8.17271E-015
3.12805E-015
4.06858E-015
4.03761E-015
3.12811E-015
4.65396E-015
3.10441E-015
3.45976E-015
5.02868E-015
3.89925E-015
3.54337E-015
6.84422E-015
3.00560E-015
3.26067E-015
3.16656E-015
5.92068E-015
3.71651E-015
6.58625E-015
3.30056E-015
5.60787E-015
5.74719E-015
4.49207E-015
1.50877E-014
8.93792E-015
5.12939E-015
3.76305E-015
3.20174E-015
6.95441E-015
1.07618E-014
4.25305E-015
9.36677E-015
4.78080E-015
1.19421E-014
3.21085E-015
7.75121E-015
3.02053E-015
1.00730E-014
9.08596E-015
4.62987E-015
4.31514E-015
8.44361E-015
3.28247E-015
3.33773E-015
3.79461E-015
3.78727E-015
5.63470E-015
4.81467E-015
5.53524E-015
7.73605E-015
3.25913E-015
5.66900E-015
6.42704E-015
6.41980E-015
3.84562E-015
5.04058E-015
7.76201E-015
3.79609E-015
3.22581E-015
9.01202E-015
3.00087E-015
4.43894E-015
5.28220E-015
4.20486E-015
4.21559E-015
3.81288E-015
1.54506E-014
5.11420E-015
3.19727E-015
6.38469E-015
1.52342E-014
6.21784E-015
6.86461E-015
3.47925E-015
7.36789E-015
9.13322E-015
9.74489E-015
3.38660E-015
6.72523E-015
3.02539E-015
9.86929E-015
2.97445E-015
3.54379E-015
3.31514E-015
4.14460E-015
7.89086E-015
5.57952E-015
3.13022E-015
4.04786E-015
8.44522E-015
4.37917E-015
7.60436E-015
3.11850E-015
4.38866E-015
4.75117E-015
6.50377E-015
3.12522E-015
3.91542E-015
4.00779E-015
3.72435E-015
5.83772E-015
3.53235E-015
4.66803E-015
3.32881E-015
4.21150E-015
4.95970E-015
3.91107E-015
3.62318E-015
6.06137E-015
5.76833E-015
6.95205E-015
3.12078E-015
3.59850E-015
3.01672E-015
3.15277E-015
4.14755E-015
7.65347E-015
3.69543E-015
3.48691E-015
9.65020E-015
5.95411E-015
4.85762E-015
3.26248E-015
4.88040E-015
7.05135E-015
3.41451E-015
3.12528E-015
3.07807E-015
5.06052E-015
3.48485E-015
4.76759E-015
3.18056E-015
3.11886E-015
4.01186E-015
3.73922E-015
3.97886E-015
4.16349E-015
6.28519E-015
3.47248E-015
6.43086E-015
3.43970E-015
3.79030E-015
3.12570E-015
4.24195E-015
3.64323E-015
3.03329E-015
3.10589E-015
1.54351E-014
3.77909E-015
7.05673E-015
5.86843E-015
6.35340E-015
5.16700E-015
5.32047E-015
3.49486E-015
3.90610E-015
3.55306E-015
3.61326E-015
2.98233E-015
4.77921E-015
1.57905E-014
1.11338E-014
3.26630E-015
6.07218E-015
5.33823E-015
4.79072E-015
2.97328E-015
3.18144E-015
4.29607E-015
3.69268E-015
3.64571E-015
3.92373E-015
3.00337E-015
9.59683E-015
9.44309E-015
3.01931E-015
3.48549E-015
1.33416E-014
3.14017E-015
7.92233E-015
4.37649E-015
3.93295E-015
6.89757E-015
3.77851E-015
5.78417E-015
3.21711E-015
4.08506E-015
3.04851E-015
5.50732E-015
5.78417E-015
3.23122E-015
5.78302E-015
7.04451E-015
3.94471E-015
3.54643E-015
4.79161E-015
3.27068E-015
4.20486E-015
3.44016E-015
3.10760E-015
1.44578E-014
5.93795E-015
1.07975E-014
6.29420E-015
1.43510E-014
4.86833E-015
4.86389E-015
5.41302E-015
3.15302E-015
5.28884E-015
4.44435E-015
5.80275E-015
3.18661E-015
3.97742E-015
3.24371E-015
4.25489E-015
3.50077E-015
8.18523E-015
6.99189E-015
2.97344E-015
4.56199E-015
7.08234E-015
3.45123E-015
1.01351E-014
4.12095E-015
3.58204E-015
4.47289E-015
4.74008E-015
4.17208E-015
3.15142E-015
5.10854E-015
3.28615E-015
3.18901E-015
3.66105E-015
3.01156E-015
3.20372E-015
3.41308E-015
7.90555E-015
3.80268E-015
4.04428E-015
4.71518E-015
5.66078E-015
3.33560E-015
6.70252E-015
3.36854E-015
4.72150E-015
3.73988E-015
3.09686E-015
3.50125E-015
5.09040E-015
1.23638E-014
3.57729E-015
4.49448E-015
3.58305E-015
3.00462E-015
6.81462E-015
9.75971E-015
3.30436E-015
1.42735E-014
3.52957E-015
5.53549E-015
8.02308E-015
7.01734E-015
3.72894E-015
5.95473E-015
3.35509E-015
7.33395E-015
3.58671E-015
2.97222E-015
4.77603E-015
3.99992E-015
3.90747E-015
3.11176E-015
4.89630E-015
3.94125E-015
1.02702E-014
1.30926E-014
1.05208E-014
1.18441E-014
3.23719E-015
4.12738E-015
1.10775E-014
1.06800E-014
4.29621E-015
4.64393E-015
3.17636E-015
3.38337E-015
1.25720E-014
3.07380E-015
4.22369E-015
3.37875E-015
6.49630E-015
3.36368E-015
4.41153E-015
3.78045E-015
5.13915E-015
4.06565E-015
3.86668E-015
3.29801E-015
5.23123E-015
7.97192E-015
9.73259E-015
1.07181E-014
6.27658E-015
6.31523E-015
5.41594E-015
9.58276E-015
4.78859E-015
9.16992E-015
9.79582E-015
4.82514E-015
6.52195E-015
3.57695E-015
3.53851E-015
3.52012E-015
7.18785E-015
6.20599E-015
5.39727E-015
4.13481E-015
3.36897E-015
3.73704E-015
4.04417E-015
3.30326E-015
7.88156E-015
4.52830E-015
3.13077E-015
6.17044E-015
3.44815E-015
4.39136E-015
5.51752E-015
3.53695E-015
3.45286E-015
4.63134E-015
4.11733E-015
3.19244E-015
7.66451E-015
4.34284E-015
3.14639E-015
2.98834E-015
6.12465E-015
5.33659E-015
3.54511E-015
5.80363E-015
3.36883E-015
9.33741E-015
6.95488E-015
8.33673E-015
3.17492E-015
4.26978E-015
5.38499E-015
3.90525E-015
3.68591E-015
1.23721E-014
3.20962E-015
3.84410E-015
7.29989E-015
4.28936E-015
3.00283E-015
4.56874E-015
3.79069E-015
1.44906E-014
6.88837E-015
7.48788E-015
5.04870E-015
2.99599E-015
1.73371E-014
3.03771E-015
3.05434E-015
7.43936E-015
8.17418E-015
3.84613E-015
3.08574E-015
3.20154E-015
3.04975E-015
7.47466E-015
5.38595E-015
3.48541E-015
5.65560E-015
3.57865E-015
5.84632E-015
3.60280E-015
3.26980E-015
5.03937E-015
3.54966E-015
9.24675E-015
4.42670E-015
5.99279E-015
4.95660E-015
3.03911E-015
3.08702E-015
3.33249E-015
3.74016E-015
5.04241E-015
3.53399E-015
3.14903E-015
3.00022E-015
4.07409E-015
7.05428E-015
6.74685E-015
7.19662E-015
3.16786E-015
8.15952E-015
3.30388E-015
6.02088E-015
3.93650E-015
5.60041E-015
4.03726E-015
4.80660E-015
7.82635E-015
8.09728E-015
3.83500E-015
5.28083E-015
1.21604E-014
4.43865E-015
5.94633E-015
3.12546E-015
6.99667E-015
3.83198E-015
5.59246E-015
5.64038E-015
4.02902E-015
3.72080E-015
3.18428E-015
4.96515E-015
7.95008E-015
4.00116E-015
5.41594E-015
3.37320E-015
3.36151E-015
4.22756E-015
4.18285E-015
6.41259E-015
3.64544E-015
6.67536E-015
3.08784E-015
4.81018E-015
6.78095E-015
1.56863E-014
8.08728E-015
4.02445E-015
3.13773E-015
3.18566E-015
4.49524E-015
4.33058E-015
4.51146E-015
4.32455E-015
3.52207E-015
8.51542E-015
3.06535E-015
3.63185E-015
3.19963E-015
3.40806E-015
3.06845E-015
3.51227E-015
6.09926E-015
5.66982E-015
8.89919E-015
4.20907E-015
5.64174E-015
4.58884E-015
9.44421E-015
7.64797E-015
3.03989E-015
4.64885E-015
3.29801E-015
3.31863E-015
3.30887E-015
2.97344E-015
8.55785E-015
3.07703E-015
4.86574E-015
5.99819E-015
1.23172E-014
3.06885E-015
5.07633E-015
3.97997E-015
3.35754E-015
3.28288E-015
5.70635E-015
8.89732E-015
5.82561E-015
6.54426E-015
3.84299E-015
7.51858E-015
4.90893E-015
5.13108E-015
4.19116E-015
3.45008E-015
5.09767E-015
4.25017E-015
6.35377E-015
3.02218E-015
4.11504E-015
3.43679E-015
4.56136E-015
1.03496E-014
3.26677E-015
3.99164E-015
3.10045E-015
1.41584E-014
4.05586E-015
3.80328E-015
